[RESUMO] Copiados: 1 | Ignorados: 0 | Erros: 0
[RESUMO] Copiados: 1 | Ignorados: 0 | Erros: 0
[RESUMO] Copiados: 0 | Ignorados: 1 | Erros: 0
[ERRO] Destino mais novo: pendrive/arquivo_conflito.txt
[RESUMO] Copiados: 0 | Ignorados: 0 | Erros: 1
[ERRO] Origem mais antiga: pendrive/arquivo_rest.txt
[RESUMO] Copiados: 0 | Ignorados: 0 | Erros: 1
[RESUMO] Copiados: 0 | Ignorados: 1 | Erros: 0
[RESUMO] Copiados: 1 | Ignorados: 0 | Erros: 0
[ERRO] Origem inexistente: arquivo_inexistente.txt
[RESUMO] Copiados: 0 | Ignorados: 0 | Erros: 1
[ERRO] Origem inexistente: pendrive/arquivo_inexistente_rest.txt
[RESUMO] Copiados: 0 | Ignorados: 0 | Erros: 1
[RESUMO] Copiados: 0 | Ignorados: 0 | Erros: 1
[RESUMO] Copiados: 0 | Ignorados: 0 | Erros: 1
[ERRO] Origem inexistente: c.txt
[RESUMO] Copiados: 2 | Ignorados: 0 | Erros: 1
[RESUMO] Copiados: 1 | Ignorados: 0 | Erros: 0
[RESUMO] Copiados: 1 | Ignorados: 0 | Erros: 0
[RESUMO] Copiados: 0 | Ignorados: 1 | Erros: 0
[ERRO] Destino mais novo: pendrive/arquivo_conflito.txt
[RESUMO] Copiados: 0 | Ignorados: 0 | Erros: 1
[ERRO] Origem mais antiga: pendrive/arquivo_rest.txt
[RESUMO] Copiados: 0 | Ignorados: 0 | Erros: 1
[RESUMO] Copiados: 0 | Ignorados: 1 | Erros: 0
[RESUMO] Copiados: 1 | Ignorados: 0 | Erros: 0
[ERRO] Origem inexistente: arquivo_inexistente.txt
[RESUMO] Copiados: 0 | Ignorados: 0 | Erros: 1
[ERRO] Origem inexistente: pendrive/arquivo_inexistente_rest.txt
[RESUMO] Copiados: 0 | Ignorados: 0 | Erros: 1
[RESUMO] Copiados: 0 | Ignorados: 0 | Erros: 1
[RESUMO] Copiados: 0 | Ignorados: 0 | Erros: 1
[ERRO] Origem inexistente: c.txt
[RESUMO] Copiados: 2 | Ignorados: 0 | Erros: 1
[ERRO] Destino mais novo: pendrive/arquivo_conflito.txt
[ERRO] Origem mais antiga: pendrive/arquivo_rest.txt
[ERRO] Origem inexistente: pendrive/arquivo_rest_igual.txt
[ERRO] Origem inexistente: pendrive/arquivo_rest_atualiza.txt
[ERRO] Origem inexistente: arquivo_inexistente.txt
[ERRO] Origem inexistente: pendrive/arquivo_inexistente_rest.txt
[RESUMO] Copiados: 1 | Ignorados: 0 | Erros: 0
[ERRO] Origem inexistente: c.txt
[RESUMO] Copiados: 1 | Ignorados: 0 | Erros: 0
[RESUMO] Copiados: 1 | Ignorados: 0 | Erros: 0
[RESUMO] Copiados: 0 | Ignorados: 1 | Erros: 0
[ERRO] Destino mais novo: pendrive/arquivo_conflito.txt
[ERRO] Origem mais antiga: pendrive/arquivo_rest.txt
[RESUMO] Copiados: 0 | Ignorados: 1 | Erros: 0
[RESUMO] Copiados: 1 | Ignorados: 0 | Erros: 0
[ERRO] Origem inexistente: arquivo_inexistente.txt
[ERRO] Origem inexistente: pendrive/arquivo_inexistente_rest.txt
[RESUMO] Copiados: 1 | Ignorados: 0 | Erros: 0
[ERRO] Origem inexistente: c.txt
